d:\weisi.artofpackages\rdc_packages\ctp.net\ctp.solution\ctp\release\vs2010\dotnet4.0\ma版\ctp.pch
d:\weisi.artofpackages\rdc_packages\ctp.net\ctp.solution\ctp\release\vs2010\dotnet4.0\ma版\vc120.pdb
d:\weisi.artofpackages\rdc_packages\ctp.net\ctp.solution\ctp\release\vs2010\dotnet4.0\ma版\stdafx.xdc
d:\weisi.artofpackages\rdc_packages\ctp.net\ctp.solution\ctp\release\vs2010\dotnet4.0\ma版\stdafx.obj
d:\weisi.artofpackages\rdc_packages\ctp.net\ctp.solution\ctp\release\vs2010\dotnet4.0\ma版\assemblyinfo.xdc
d:\weisi.artofpackages\rdc_packages\ctp.net\ctp.solution\ctp\release\vs2010\dotnet4.0\ma版\ctp.xdc
d:\weisi.artofpackages\rdc_packages\ctp.net\ctp.solution\ctp\release\vs2010\dotnet4.0\ma版\ctpmdadapter.xdc
d:\weisi.artofpackages\rdc_packages\ctp.net\ctp.solution\ctp\release\vs2010\dotnet4.0\ma版\ctptraderadapter.xdc
d:\weisi.artofpackages\rdc_packages\ctp.net\ctp.solution\ctp\release\vs2010\dotnet4.0\ma版\mdspi.xdc
d:\weisi.artofpackages\rdc_packages\ctp.net\ctp.solution\ctp\release\vs2010\dotnet4.0\ma版\traderspi.xdc
d:\weisi.artofpackages\rdc_packages\ctp.net\ctp.solution\ctp\release\vs2010\dotnet4.0\ma版\util.xdc
d:\weisi.artofpackages\rdc_packages\ctp.net\ctp.solution\ctp\release\vs2010\dotnet4.0\ma版\util.obj
d:\weisi.artofpackages\rdc_packages\ctp.net\ctp.solution\ctp\release\vs2010\dotnet4.0\ma版\traderspi.obj
d:\weisi.artofpackages\rdc_packages\ctp.net\ctp.solution\ctp\release\vs2010\dotnet4.0\ma版\mdspi.obj
d:\weisi.artofpackages\rdc_packages\ctp.net\ctp.solution\ctp\release\vs2010\dotnet4.0\ma版\ctptraderadapter.obj
d:\weisi.artofpackages\rdc_packages\ctp.net\ctp.solution\ctp\release\vs2010\dotnet4.0\ma版\ctpmdadapter.obj
d:\weisi.artofpackages\rdc_packages\ctp.net\ctp.solution\ctp\release\vs2010\dotnet4.0\ma版\ctp.obj
d:\weisi.artofpackages\rdc_packages\ctp.net\ctp.solution\ctp\release\vs2010\dotnet4.0\ma版\assemblyinfo.obj
d:\weisi.artofpackages\rdc_packages\ctp.net\ctp.solution\ctp\release\vs2010\dotnet4.0\ma版\.netframework,version=v4.0.assemblyattributes.xdc
d:\weisi.artofpackages\rdc_packages\ctp.net\ctp.solution\ctp\release\vs2010\dotnet4.0\ma版\.netframework,version=v4.0.assemblyattributes.obj
d:\weisi.artofpackages\rdc_packages\ctp.net\ctp.solution\release\vs2010\dotnet4.0\ma版\ctp.dll
d:\weisi.artofpackages\rdc_packages\ctp.net\ctp.solution\release\vs2010\dotnet4.0\ma版\ctp.pdb
d:\weisi.artofpackages\rdc_packages\ctp.net\ctp.solution\release\vs2010\dotnet4.0\ma版\ctp.xml
d:\weisi.artofpackages\rdc_packages\ctp.net\ctp.solution\ctp\release\vs2010\dotnet4.0\ma版\ctpma.vs2010.net4.0.vcxprojresolveassemblyreference.cache
d:\weisi.artofpackages\rdc_packages\ctp.net\ctp.solution\ctp\release\vs2010\dotnet4.0\ma版\ctpma.vs.acfb53e6.tlog\cl.command.1.tlog
d:\weisi.artofpackages\rdc_packages\ctp.net\ctp.solution\ctp\release\vs2010\dotnet4.0\ma版\ctpma.vs.acfb53e6.tlog\cl.read.1.tlog
d:\weisi.artofpackages\rdc_packages\ctp.net\ctp.solution\ctp\release\vs2010\dotnet4.0\ma版\ctpma.vs.acfb53e6.tlog\cl.write.1.tlog
d:\weisi.artofpackages\rdc_packages\ctp.net\ctp.solution\ctp\release\vs2010\dotnet4.0\ma版\ctpma.vs.acfb53e6.tlog\link.command.1.tlog
d:\weisi.artofpackages\rdc_packages\ctp.net\ctp.solution\ctp\release\vs2010\dotnet4.0\ma版\ctpma.vs.acfb53e6.tlog\link.read.1.tlog
d:\weisi.artofpackages\rdc_packages\ctp.net\ctp.solution\ctp\release\vs2010\dotnet4.0\ma版\ctpma.vs.acfb53e6.tlog\link.write.1.tlog
d:\weisi.artofpackages\rdc_packages\ctp.net\ctp.solution\ctp\release\vs2010\dotnet4.0\ma版\ctpma.vs.acfb53e6.tlog\metagen.read.1.tlog
d:\weisi.artofpackages\rdc_packages\ctp.net\ctp.solution\ctp\release\vs2010\dotnet4.0\ma版\ctpma.vs.acfb53e6.tlog\metagen.write.1.tlog
d:\weisi.artofpackages\rdc_packages\ctp.net\ctp.solution\ctp\release\vs2010\dotnet4.0\ma版\ctpma.vs.acfb53e6.tlog\xdcmake.command.1.tlog
d:\weisi.artofpackages\rdc_packages\ctp.net\ctp.solution\ctp\release\vs2010\dotnet4.0\ma版\ctpma.vs.acfb53e6.tlog\xdcmake.read.1.tlog
d:\weisi.artofpackages\rdc_packages\ctp.net\ctp.solution\ctp\release\vs2010\dotnet4.0\ma版\ctpma.vs.acfb53e6.tlog\xdcmake.write.1.tlog
d:\weisi.artofpackages\rdc_packages\ctp.net\ctp.solution\ctp\release\vs2010\dotnet4.0\ma版\ctpma.vs.acfb53e6.tlog\msxml6r.dll.bi
d:\weisi.artofpackages\rdc_packages\ctp.net\ctp.solution\ctp\release\vs2010\dotnet4.0\ma版\ctpma.vs.acfb53e6.tlog\tzres.dll.bi
