D:\WORKSPACE\GYML\CTP\CTP.CSHARP.OPTION.V2\CTP.SOLUTION\CTP\DEBUG\VS2010\DOTNET4.0\MA版\CTP.PCH
D:\WORKSPACE\GYML\CTP\CTP.CSHARP.OPTION.V2\CTP.SOLUTION\CTP\DEBUG\VS2010\DOTNET4.0\MA版\STDAFX.XDC
D:\WORKSPACE\GYML\CTP\CTP.CSHARP.OPTION.V2\CTP.SOLUTION\CTP\DEBUG\VS2010\DOTNET4.0\MA版\STDAFX.OBJ
D:\WORKSPACE\GYML\CTP\CTP.CSHARP.OPTION.V2\CTP.SOLUTION\CTP\DEBUG\VS2010\DOTNET4.0\MA版\VC100.PDB
D:\WORKSPACE\GYML\CTP\CTP.CSHARP.OPTION.V2\CTP.SOLUTION\CTP\DEBUG\VS2010\DOTNET4.0\MA版\ASSEMBLYINFO.XDC
D:\WORKSPACE\GYML\CTP\CTP.CSHARP.OPTION.V2\CTP.SOLUTION\CTP\DEBUG\VS2010\DOTNET4.0\MA版\CTP.XDC
D:\WORKSPACE\GYML\CTP\CTP.CSHARP.OPTION.V2\CTP.SOLUTION\CTP\DEBUG\VS2010\DOTNET4.0\MA版\CTPMDADAPTER.XDC
D:\WORKSPACE\GYML\CTP\CTP.CSHARP.OPTION.V2\CTP.SOLUTION\CTP\DEBUG\VS2010\DOTNET4.0\MA版\CTPTRADERADAPTER.XDC
D:\WORKSPACE\GYML\CTP\CTP.CSHARP.OPTION.V2\CTP.SOLUTION\CTP\DEBUG\VS2010\DOTNET4.0\MA版\MDSPI.XDC
D:\WORKSPACE\GYML\CTP\CTP.CSHARP.OPTION.V2\CTP.SOLUTION\CTP\DEBUG\VS2010\DOTNET4.0\MA版\TRADERSPI.XDC
D:\WORKSPACE\GYML\CTP\CTP.CSHARP.OPTION.V2\CTP.SOLUTION\CTP\DEBUG\VS2010\DOTNET4.0\MA版\UTIL.XDC
D:\WORKSPACE\GYML\CTP\CTP.CSHARP.OPTION.V2\CTP.SOLUTION\CTP\DEBUG\VS2010\DOTNET4.0\MA版\UTIL.OBJ
D:\WORKSPACE\GYML\CTP\CTP.CSHARP.OPTION.V2\CTP.SOLUTION\CTP\DEBUG\VS2010\DOTNET4.0\MA版\TRADERSPI.OBJ
D:\WORKSPACE\GYML\CTP\CTP.CSHARP.OPTION.V2\CTP.SOLUTION\CTP\DEBUG\VS2010\DOTNET4.0\MA版\MDSPI.OBJ
D:\WORKSPACE\GYML\CTP\CTP.CSHARP.OPTION.V2\CTP.SOLUTION\CTP\DEBUG\VS2010\DOTNET4.0\MA版\CTPTRADERADAPTER.OBJ
D:\WORKSPACE\GYML\CTP\CTP.CSHARP.OPTION.V2\CTP.SOLUTION\CTP\DEBUG\VS2010\DOTNET4.0\MA版\CTPMDADAPTER.OBJ
D:\WORKSPACE\GYML\CTP\CTP.CSHARP.OPTION.V2\CTP.SOLUTION\CTP\DEBUG\VS2010\DOTNET4.0\MA版\CTP.OBJ
D:\WORKSPACE\GYML\CTP\CTP.CSHARP.OPTION.V2\CTP.SOLUTION\CTP\DEBUG\VS2010\DOTNET4.0\MA版\ASSEMBLYINFO.OBJ
D:\WORKSPACE\GYML\CTP\CTP.CSHARP.OPTION.V2\CTP.SOLUTION\CTP\DEBUG\VS2010\DOTNET4.0\MA版\.NETFRAMEWORK,VERSION=V4.0.ASSEMBLYATTRIBUTES.XDC
D:\WORKSPACE\GYML\CTP\CTP.CSHARP.OPTION.V2\CTP.SOLUTION\CTP\DEBUG\VS2010\DOTNET4.0\MA版\.NETFRAMEWORK,VERSION=V4.0.ASSEMBLYATTRIBUTES.OBJ
D:\WORKSPACE\GYML\CTP\CTP.CSHARP.OPTION.V2\CTP.SOLUTION\DEBUG\VS2010\DOTNET4.0\MA版\CTP.ILK
D:\WORKSPACE\GYML\CTP\CTP.CSHARP.OPTION.V2\CTP.SOLUTION\DEBUG\VS2010\DOTNET4.0\MA版\CTP.DLL
D:\WORKSPACE\GYML\CTP\CTP.CSHARP.OPTION.V2\CTP.SOLUTION\CTP\DEBUG\VS2010\DOTNET4.0\MA版\CTP.DLL.INTERMEDIATE.MANIFEST
D:\WORKSPACE\GYML\CTP\CTP.CSHARP.OPTION.V2\CTP.SOLUTION\DEBUG\VS2010\DOTNET4.0\MA版\CTP.PDB
D:\WORKSPACE\GYML\CTP\CTP.CSHARP.OPTION.V2\CTP.NET_DEMO\DEBUG\VS2010\DOTNET4.0\MA版\CTP.ILK
D:\WORKSPACE\GYML\CTP\CTP.CSHARP.OPTION.V2\CTP.NET_DEMO\DEBUG\VS2010\DOTNET4.0\MA版\CTP.DLL
D:\WORKSPACE\GYML\CTP\CTP.CSHARP.OPTION.V2\CTP.NET_DEMO\DEBUG\VS2010\DOTNET4.0\MA版\CTP.PDB
D:\WORKSPACE\GYML\CTP\CTP.CSHARP.OPTION.V2\CTP.NET_DEMO\DEBUG\VS2010\DOTNET4.0\MA版\CTP.XML
D:\Workspace\GYML\CTP\CTP.CSharp.Option.V2\CTP.Solution\CTP\Debug\VS2010\dotNet4.0\MA版\CTPMA.VS2010.Net4.0.vcxprojResolveAssemblyReference.cache
D:\Workspace\GYML\CTP\CTP.CSharp.Option.V2\CTP.Solution\CTP\Debug\VS2010\dotNet4.0\MA版\.NETFramework,Version=v4.0.AssemblyAttributes.obj
D:\Workspace\GYML\CTP\CTP.CSharp.Option.V2\CTP.Solution\CTP\Debug\VS2010\dotNet4.0\MA版\AssemblyInfo.obj
D:\Workspace\GYML\CTP\CTP.CSharp.Option.V2\CTP.Solution\CTP\Debug\VS2010\dotNet4.0\MA版\CTP.obj
D:\Workspace\GYML\CTP\CTP.CSharp.Option.V2\CTP.Solution\CTP\Debug\VS2010\dotNet4.0\MA版\CTPMDAdapter.obj
D:\Workspace\GYML\CTP\CTP.CSharp.Option.V2\CTP.Solution\CTP\Debug\VS2010\dotNet4.0\MA版\CTPTraderAdapter.obj
D:\Workspace\GYML\CTP\CTP.CSharp.Option.V2\CTP.Solution\CTP\Debug\VS2010\dotNet4.0\MA版\MdSpi.obj
D:\Workspace\GYML\CTP\CTP.CSharp.Option.V2\CTP.Solution\CTP\Debug\VS2010\dotNet4.0\MA版\Stdafx.obj
D:\Workspace\GYML\CTP\CTP.CSharp.Option.V2\CTP.Solution\CTP\Debug\VS2010\dotNet4.0\MA版\TraderSpi.obj
D:\Workspace\GYML\CTP\CTP.CSharp.Option.V2\CTP.Solution\CTP\Debug\VS2010\dotNet4.0\MA版\Util.obj
D:\Workspace\GYML\CTP\CTP.CSharp.Option.V2\CTP.Solution\CTP\Debug\VS2010\dotNet4.0\MA版\cl.command.1.tlog
D:\Workspace\GYML\CTP\CTP.CSharp.Option.V2\CTP.Solution\CTP\Debug\VS2010\dotNet4.0\MA版\CL.read.1.tlog
D:\Workspace\GYML\CTP\CTP.CSharp.Option.V2\CTP.Solution\CTP\Debug\VS2010\dotNet4.0\MA版\CL.write.1.tlog
D:\Workspace\GYML\CTP\CTP.CSharp.Option.V2\CTP.Solution\CTP\Debug\VS2010\dotNet4.0\MA版\CTPMA.VS2010.Net4.0.write.1.tlog
D:\Workspace\GYML\CTP\CTP.CSharp.Option.V2\CTP.Solution\CTP\Debug\VS2010\dotNet4.0\MA版\link.16880.read.1.tlog
D:\Workspace\GYML\CTP\CTP.CSharp.Option.V2\CTP.Solution\CTP\Debug\VS2010\dotNet4.0\MA版\link.16880.write.1.tlog
D:\Workspace\GYML\CTP\CTP.CSharp.Option.V2\CTP.Solution\CTP\Debug\VS2010\dotNet4.0\MA版\link.20992.read.1.tlog
D:\Workspace\GYML\CTP\CTP.CSharp.Option.V2\CTP.Solution\CTP\Debug\VS2010\dotNet4.0\MA版\link.20992.write.1.tlog
D:\Workspace\GYML\CTP\CTP.CSharp.Option.V2\CTP.Solution\CTP\Debug\VS2010\dotNet4.0\MA版\link.command.1.tlog
D:\Workspace\GYML\CTP\CTP.CSharp.Option.V2\CTP.Solution\CTP\Debug\VS2010\dotNet4.0\MA版\link.read.1.tlog
D:\Workspace\GYML\CTP\CTP.CSharp.Option.V2\CTP.Solution\CTP\Debug\VS2010\dotNet4.0\MA版\link.write.1.tlog
D:\Workspace\GYML\CTP\CTP.CSharp.Option.V2\CTP.Solution\CTP\Debug\VS2010\dotNet4.0\MA版\mt.command.1.tlog
D:\Workspace\GYML\CTP\CTP.CSharp.Option.V2\CTP.Solution\CTP\Debug\VS2010\dotNet4.0\MA版\mt.read.1.tlog
D:\Workspace\GYML\CTP\CTP.CSharp.Option.V2\CTP.Solution\CTP\Debug\VS2010\dotNet4.0\MA版\mt.write.1.tlog
D:\Workspace\GYML\CTP\CTP.CSharp.Option.V2\CTP.Solution\CTP\Debug\VS2010\dotNet4.0\MA版\XDCMake.command.1.tlog
D:\Workspace\GYML\CTP\CTP.CSharp.Option.V2\CTP.Solution\CTP\Debug\VS2010\dotNet4.0\MA版\xdcmake.read.1.tlog
D:\Workspace\GYML\CTP\CTP.CSharp.Option.V2\CTP.Solution\CTP\Debug\VS2010\dotNet4.0\MA版\xdcmake.write.1.tlog
D:\Workspace\GYML\CTP\CTP.CSharp.Option.V2\CTP.Solution\CTP\Debug\VS2010\dotNet4.0\MA版\CTP.dll.intermediate.manifest
D:\Workspace\GYML\CTP\CTP.CSharp.Option.V2\CTP.Solution\CTP\Debug\VS2010\dotNet4.0\MA版\CTP.pch
D:\Workspace\GYML\CTP\CTP.CSharp.Option.V2\CTP.Solution\CTP\Debug\VS2010\dotNet4.0\MA版\.NETFramework,Version=v4.0.AssemblyAttributes.xdc
D:\Workspace\GYML\CTP\CTP.CSharp.Option.V2\CTP.Solution\CTP\Debug\VS2010\dotNet4.0\MA版\AssemblyInfo.xdc
D:\Workspace\GYML\CTP\CTP.CSharp.Option.V2\CTP.Solution\CTP\Debug\VS2010\dotNet4.0\MA版\CTP.xdc
D:\Workspace\GYML\CTP\CTP.CSharp.Option.V2\CTP.Solution\CTP\Debug\VS2010\dotNet4.0\MA版\CTPMDAdapter.xdc
D:\Workspace\GYML\CTP\CTP.CSharp.Option.V2\CTP.Solution\CTP\Debug\VS2010\dotNet4.0\MA版\CTPTraderAdapter.xdc
D:\Workspace\GYML\CTP\CTP.CSharp.Option.V2\CTP.Solution\CTP\Debug\VS2010\dotNet4.0\MA版\MdSpi.xdc
D:\Workspace\GYML\CTP\CTP.CSharp.Option.V2\CTP.Solution\CTP\Debug\VS2010\dotNet4.0\MA版\Stdafx.xdc
D:\Workspace\GYML\CTP\CTP.CSharp.Option.V2\CTP.Solution\CTP\Debug\VS2010\dotNet4.0\MA版\TraderSpi.xdc
D:\Workspace\GYML\CTP\CTP.CSharp.Option.V2\CTP.Solution\CTP\Debug\VS2010\dotNet4.0\MA版\Util.xdc
D:\Workspace\GYML\CTP\CTP.CSharp.Option.V2\CTP.Solution\CTP\Debug\VS2010\dotNet4.0\MA版\vc100.pdb
D:\Workspace\GYML\CTP\CTP.CSharp.Option.V2\CTP.Net_Demo\Debug\VS2010\dotNet4.0\MA版\CTP.pdb
D:\Workspace\GYML\CTP\CTP.CSharp.Option.V2\CTP.Net_Demo\Debug\VS2010\dotNet4.0\MA版\CTP.dll
D:\Workspace\GYML\CTP\CTP.CSharp.Option.V2\CTP.Net_Demo\Debug\VS2010\dotNet4.0\MA版\CTP.ilk
